<?xml version="1.0" encoding="UTF-8"?>
<testsuite xmlns:xsi="http://www.w3.org/2001/XMLSchema-instance" xsi:noNamespaceSchemaLocation="https://maven.apache.org/surefire/maven-surefire-plugin/xsd/surefire-test-report-3.0.xsd" version="3.0" name="com.movie.celestix.CelestixApplicationTests" time="3.813" tests="1" errors="0" skipped="0" failures="0">
  <properties>
[...]
</properties>
  <testcase name="contextLoads" classname="com.movie.celestix.CelestixApplicationTests" time="0.345">
    <system-out><![CDATA[14:12:38.174 [main] INFO org.springframework.test.context.support.AnnotationConfigContextLoaderUtils -- Could not detect default configuration classes for test class [com.movie.celestix.CelestixApplicationTests]: CelestixApplicationTests does not declare any static, non-private, non-final, nested classes annotated with @Configuration.
14:12:38.260 [main] INFO org.springframework.boot.test.context.SpringBootTestContextBootstrapper -- Found @SpringBootConfiguration com.movie.celestix.CelestixApplication for test class com.movie.celestix.CelestixApplicationTests

  .   ____          _            __ _ _
 /\\ / ___'_ __ _ _(_)_ __  __ _ \ \ \ \
( ( )\___ | '_ | '_| | '_ \/ _` | \ \ \ \
 \\/  ___)| |_)| | | | | || (_| |  ) ) ) )
  '  |____| .__|_| |_|_| |_\__, | / / / /
 =========|_|==============|___/=/_/_/_/

 :: Spring Boot ::               (v3.3.13)

2025-08-12T14:12:38.584+07:00  INFO 99286 --- [celestix] [           main] c.m.celestix.CelestixApplicationTests    : Starting CelestixApplicationTests using Java 21.0.7 with PID 99286 (started by alvin in /home/alvin/GitHub/celestix)
2025-08-12T14:12:38.586+07:00  INFO 99286 --- [celestix] [           main] c.m.celestix.CelestixApplicationTests    : No active profile set, falling back to 1 default profile: "default"
2025-08-12T14:12:39.247+07:00  INFO 99286 --- [celestix] [           main] .s.d.r.c.RepositoryConfigurationDelegate : Bootstrapping Spring Data JPA repositories in DEFAULT mode.
2025-08-12T14:12:39.298+07:00  INFO 99286 --- [celestix] [           main] .s.d.r.c.RepositoryConfigurationDelegate : Finished Spring Data repository scanning in 44 ms. Found 3 JPA repository interfaces.
2025-08-12T14:12:39.646+07:00  INFO 99286 --- [celestix] [           main] o.hibernate.jpa.internal.util.LogHelper  : HHH000204: Processing PersistenceUnitInfo [name: default]
2025-08-12T14:12:39.677+07:00  INFO 99286 --- [celestix] [           main] org.hibernate.Version                    : HHH000412: Hibernate ORM core version 6.5.3.Final
2025-08-12T14:12:39.697+07:00  INFO 99286 --- [celestix] [           main] o.h.c.internal.RegionFactoryInitiator    : HHH000026: Second-level cache disabled
2025-08-12T14:12:39.912+07:00  INFO 99286 --- [celestix] [           main] o.s.o.j.p.SpringPersistenceUnitInfo      : No LoadTimeWeaver setup: ignoring JPA class transformer
2025-08-12T14:12:39.936+07:00  INFO 99286 --- [celestix] [           main] com.zaxxer.hikari.HikariDataSource       : HikariPool-1 - Starting...
2025-08-12T14:12:40.042+07:00  INFO 99286 --- [celestix] [           main] com.zaxxer.hikari.pool.HikariPool        : HikariPool-1 - Added connection conn0: url=jdbc:h2:mem:celestixdb user=SA
2025-08-12T14:12:40.043+07:00  INFO 99286 --- [celestix] [           main] com.zaxxer.hikari.HikariDataSource       : HikariPool-1 - Start completed.
2025-08-12T14:12:40.054+07:00  WARN 99286 --- [celestix] [           main] org.hibernate.orm.deprecation            : HHH90000025: H2Dialect does not need to be specified explicitly using 'hibernate.dialect' (remove the property setting and it will be selected by default)
2025-08-12T14:12:40.539+07:00  INFO 99286 --- [celestix] [           main] o.h.e.t.j.p.i.JtaPlatformInitiator       : HHH000489: No JTA platform available (set 'hibernate.transaction.jta.platform' to enable JTA platform integration)
Hibernate: create table food_categories (id bigint generated by default as identity, created_at timestamp(6) with time zone not null, deleted_at timestamp(6) with time zone, updated_at timestamp(6) with time zone, description varchar(255), name varchar(255), primary key (id))
Hibernate: create table movie_genres (id bigint generated by default as identity, created_at timestamp(6) with time zone not null, deleted_at timestamp(6) with time zone, updated_at timestamp(6) with time zone, description varchar(255), name varchar(255), primary key (id))
Hibernate: create table users (id bigint generated by default as identity, created_at timestamp(6) with time zone not null, deleted_at timestamp(6) with time zone, updated_at timestamp(6) with time zone, email varchar(255), name varchar(255), password varchar(255), role bigint, primary key (id))
Hibernate: alter table if exists users drop constraint if exists UK6dotkott2kjsp8vw4d0m25fb7
Hibernate: alter table if exists users add constraint UK6dotkott2kjsp8vw4d0m25fb7 unique (email)
2025-08-12T14:12:40.591+07:00  INFO 99286 --- [celestix] [           main] j.LocalContainerEntityManagerFactoryBean : Initialized JPA EntityManagerFactory for persistence unit 'default'
2025-08-12T14:12:40.947+07:00  WARN 99286 --- [celestix] [           main] JpaBaseConfiguration$JpaWebConfiguration : spring.jpa.open-in-view is enabled by default. Therefore, database queries may be performed during view rendering. Explicitly configure spring.jpa.open-in-view to disable this warning
2025-08-12T14:12:40.982+07:00  WARN 99286 --- [celestix] [           main] .s.s.UserDetailsServiceAutoConfiguration : 

Using generated security password: aca34020-196c-4d60-8a64-96e28abf0375

This generated password is for development use only. Your security configuration must be updated before running your application in production.

2025-08-12T14:12:40.989+07:00  INFO 99286 --- [celestix] [           main] r$InitializeUserDetailsManagerConfigurer : Global AuthenticationManager configured with UserDetailsService bean with name inMemoryUserDetailsManager
2025-08-12T14:12:41.467+07:00  INFO 99286 --- [celestix] [           main] o.s.b.a.h2.H2ConsoleAutoConfiguration    : H2 console available at '/h2-console'. Database available at 'jdbc:h2:mem:celestixdb'
2025-08-12T14:12:41.529+07:00  INFO 99286 --- [celestix] [           main] c.m.celestix.CelestixApplicationTests    : Started CelestixApplicationTests in 3.146 seconds (process running for 3.797)
]]></system-out>
    <system-err><![CDATA[WARNING: A Java agent has been loaded dynamically (/home/alvin/.m2/repository/net/bytebuddy/byte-buddy-agent/1.14.19/byte-buddy-agent-1.14.19.jar)
WARNING: If a serviceability tool is in use, please run with -XX:+EnableDynamicAgentLoading to hide this warning
WARNING: If a serviceability tool is not in use, please run with -Djdk.instrument.traceUsage for more information
WARNING: Dynamic loading of agents will be disallowed by default in a future release
]]></system-err>
  </testcase>
</testsuite>